SF:lib/binhex.dart
DA:7,1
DA:8,4
DA:9,3
DA:10,6
DA:15,1
DA:17,2
DA:18,4
LF:7
LH:7
end_of_record
SF:lib/chacha20.dart
DA:9,1
DA:10,13
DA:13,1
DA:14,2
DA:15,1
DA:16,2
DA:17,1
DA:18,2
DA:19,1
DA:20,2
DA:23,1
DA:24,4
DA:27,1
DA:28,3
DA:29,5
DA:30,3
DA:31,5
DA:32,3
DA:33,5
DA:34,3
DA:35,5
DA:38,1
DA:39,2
DA:40,2
DA:41,2
DA:42,2
DA:43,2
DA:44,5
DA:48,1
DA:49,2
DA:50,2
DA:51,3
DA:52,3
DA:55,1
DA:56,1
DA:57,1
DA:61,1
DA:62,2
DA:63,3
DA:65,2
DA:66,1
DA:67,1
DA:68,1
DA:69,1
DA:70,1
DA:71,1
DA:72,1
DA:73,1
DA:75,2
DA:76,4
DA:77,3
DA:79,3
DA:80,3
DA:81,0
DA:83,1
DA:84,3
DA:85,6
DA:89,2
DA:90,6
DA:92,1
DA:93,1
DA:94,1
DA:98,1
DA:99,1
DA:102,1
DA:103,3
DA:104,1
DA:106,1
LF:68
LH:67
end_of_record
SF:lib/chacha20_poly1305.dart
DA:13,1
DA:14,1
DA:17,1
DA:18,2
DA:19,1
DA:21,1
DA:22,1
DA:24,1
DA:25,2
DA:26,2
DA:31,1
DA:32,2
DA:33,1
DA:34,2
DA:35,1
DA:36,2
DA:37,1
DA:38,2
DA:39,1
DA:40,2
DA:41,1
DA:42,2
DA:43,1
DA:44,2
DA:45,1
DA:46,2
DA:49,1
DA:50,2
DA:51,0
DA:53,1
DA:54,1
DA:55,3
DA:56,3
DA:57,2
DA:59,1
DA:60,3
DA:61,4
DA:63,3
DA:65,1
DA:66,1
DA:67,2
DA:72,1
DA:73,1
DA:74,1
DA:76,1
DA:77,1
DA:78,1
DA:80,1
DA:81,3
DA:82,2
DA:83,2
DA:85,4
DA:86,3
DA:91,1
DA:92,2
DA:93,0
DA:95,1
DA:96,1
DA:97,2
DA:99,3
DA:100,3
DA:101,3
DA:104,1
DA:105,2
DA:106,2
DA:109,1
DA:110,1
DA:113,1
DA:114,1
LF:69
LH:67
end_of_record
SF:lib/poly1305.dart
DA:7,1
DA:8,5
DA:11,1
DA:12,2
DA:13,3
DA:16,1
DA:17,1
DA:18,2
DA:19,1
DA:20,2
DA:21,2
DA:22,2
DA:23,1
DA:24,1
DA:25,2
DA:26,3
DA:28,4
DA:29,8
DA:30,8
DA:31,8
DA:32,8
DA:33,5
DA:34,8
DA:35,8
DA:36,8
DA:37,5
DA:38,2
DA:39,2
DA:40,5
DA:42,2
DA:43,2
DA:47,1
DA:48,2
DA:49,1
DA:50,1
DA:52,1
DA:53,2
DA:54,4
DA:56,5
DA:57,9
DA:58,9
DA:59,9
DA:60,9
DA:61,6
DA:62,9
DA:63,9
DA:64,9
DA:65,6
DA:66,2
DA:67,1
DA:68,2
DA:69,5
DA:70,9
DA:71,1
DA:72,2
DA:73,2
DA:76,3
DA:77,2
DA:79,2
DA:80,2
DA:81,2
DA:82,1
DA:83,2
DA:84,2
DA:85,3
DA:87,1
DA:88,1
DA:92,1
DA:95,2
DA:96,0
DA:97,0
DA:98,0
DA:99,0
DA:101,0
DA:102,0
DA:103,0
DA:104,0
DA:107,0
DA:108,0
DA:110,1
DA:111,2
DA:112,1
DA:113,1
DA:114,1
DA:116,1
DA:117,3
DA:118,6
DA:120,2
DA:124,1
DA:125,1
DA:126,2
DA:127,1
DA:128,3
DA:129,4
DA:130,1
DA:131,2
DA:133,3
DA:134,3
DA:135,2
DA:136,3
DA:137,3
DA:138,3
DA:140,4
DA:141,3
DA:142,3
DA:143,3
DA:144,3
DA:145,3
DA:146,3
DA:148,4
DA:149,2
DA:150,2
DA:151,2
DA:152,4
DA:153,2
DA:154,2
DA:156,2
DA:157,3
DA:158,2
DA:159,2
DA:161,1
DA:162,2
DA:163,7
DA:165,8
DA:166,9
DA:167,9
DA:168,9
DA:169,13
DA:170,9
DA:171,9
DA:172,9
DA:173,5
DA:174,2
DA:175,2
DA:176,7
DA:177,2
DA:179,2
DA:180,4
DA:181,2
DA:183,2
DA:184,2
DA:185,2
DA:189,1
DA:190,1
DA:191,1
DA:192,1
LF:146
LH:136
end_of_record
SF:lib/salt.dart
DA:11,1
DA:14,0
DA:16,1
DA:17,1
DA:21,1
DA:24,0
DA:26,1
DA:27,1
DA:31,1
DA:32,1
DA:33,2
DA:37,2
DA:38,4
DA:40,2
DA:41,2
LF:15
LH:13
end_of_record
